18:12:37.551 [http-nio-9092-exec-2] ERROR c.e.c.s.GlobalExceptionHandler - [handleHttpRequestMethodNotSupported,22] - 资源：/sys/user/login，不支持请求方式:GET
18:13:44.597 [http-nio-9092-exec-5] ERROR c.e.c.s.GlobalExceptionHandler - [handleHttpRequestMethodNotSupported,22] - 资源：/sys/user/login，不支持请求方式:GET
18:13:45.268 [http-nio-9092-exec-6] ERROR c.e.c.s.GlobalExceptionHandler - [handleHttpRequestMethodNotSupported,22] - 资源：/sys/user/login，不支持请求方式:GET
18:13:45.719 [http-nio-9092-exec-7] ERROR c.e.c.s.GlobalExceptionHandler - [handleHttpRequestMethodNotSupported,22] - 资源：/sys/user/login，不支持请求方式:GET
18:13:46.111 [http-nio-9092-exec-8] ERROR c.e.c.s.GlobalExceptionHandler - [handleHttpRequestMethodNotSupported,22] - 资源：/sys/user/login，不支持请求方式:GET
18:13:46.510 [http-nio-9092-exec-9] ERROR c.e.c.s.GlobalExceptionHandler - [handleHttpRequestMethodNotSupported,22] - 资源：/sys/user/login，不支持请求方式:GET
18:13:46.831 [http-nio-9092-exec-10] ERROR c.e.c.s.GlobalExceptionHandler - [handleHttpRequestMethodNotSupported,22] - 资源：/sys/user/login，不支持请求方式:GET
18:13:47.279 [http-nio-9092-exec-1] ERROR c.e.c.s.GlobalExceptionHandler - [handleHttpRequestMethodNotSupported,22] - 资源：/sys/user/login，不支持请求方式:GET
18:13:47.676 [http-nio-9092-exec-2] ERROR c.e.c.s.GlobalExceptionHandler - [handleHttpRequestMethodNotSupported,22] - 资源：/sys/user/login，不支持请求方式:GET
18:13:48.159 [http-nio-9092-exec-3] ERROR c.e.c.s.GlobalExceptionHandler - [handleHttpRequestMethodNotSupported,22] - 资源：/sys/user/login，不支持请求方式:GET
18:14:06.625 [http-nio-9092-exec-2] ERROR c.e.c.s.GlobalExceptionHandler - [handleHttpRequestMethodNotSupported,22] - 资源：/sys/user/login，不支持请求方式:GET
23:12:48.673 [main] ERROR o.s.b.d.LoggingFailureAnalysisReporter - [report,40] - 

***************************
APPLICATION FAILED TO START
***************************

Description:

Failed to configure a DataSource: 'url' attribute is not specified and no embedded datasource could be configured.

Reason: Failed to determine a suitable driver class


Action:

Consider the following:
	If you want an embedded database (H2, HSQL or Derby), please put it on the classpath.
	If you have database settings to be loaded from a particular profile you may need to activate it (the profiles local are currently active).

23:15:51.370 [main] ERROR o.s.b.d.LoggingFailureAnalysisReporter - [report,40] - 

***************************
APPLICATION FAILED TO START
***************************

Description:

Failed to configure a DataSource: 'url' attribute is not specified and no embedded datasource could be configured.

Reason: Failed to determine a suitable driver class


Action:

Consider the following:
	If you want an embedded database (H2, HSQL or Derby), please put it on the classpath.
	If you have database settings to be loaded from a particular profile you may need to activate it (the profiles local are currently active).

23:17:52.273 [main] ERROR o.s.b.d.LoggingFailureAnalysisReporter - [report,40] - 

***************************
APPLICATION FAILED TO START
***************************

Description:

Failed to configure a DataSource: 'url' attribute is not specified and no embedded datasource could be configured.

Reason: Failed to determine a suitable driver class


Action:

Consider the following:
	If you want an embedded database (H2, HSQL or Derby), please put it on the classpath.
	If you have database settings to be loaded from a particular profile you may need to activate it (the profiles local are currently active).

